watchman warning:  Recrawled this watch 17 times, most recently because:
MustScanSubDirs UserDroppedTo resolve, please review the information on
https://facebook.github.io/watchman/docs/troubleshooting.html#recrawl
To clear this warning, run:
`watchman watch-del '/Users/devingray/Projects/MSCW' ; watchman watch-project '/Users/devingray/Projects/MSCW'`

  console.log
    SPY ERROR: An update to %s inside a test was not wrapped in act(...).
    
    When testing, code that causes React state updates should be wrapped into act(...):
    
    act(() => {
      /* fire events that update state */
    });
    /* assert on the output */
    
    This ensures that you're testing the behavior the user would see in the browser. Learn more at https://react.dev/link/wrap-tests-with-act Root

      at console.apply (src/__tests__/sprintRetroShare.test.tsx:101:18)

  console.log
    SPY ERROR: An update to %s inside a test was not wrapped in act(...).
    
    When testing, code that causes React state updates should be wrapped into act(...):
    
    act(() => {
      /* fire events that update state */
    });
    /* assert on the output */
    
    This ensures that you're testing the behavior the user would see in the browser. Learn more at https://react.dev/link/wrap-tests-with-act Root

      at console.apply (src/__tests__/sprintRetroShare.test.tsx:101:18)

  console.log
    SPY ERROR: An update to %s inside a test was not wrapped in act(...).
    
    When testing, code that causes React state updates should be wrapped into act(...):
    
    act(() => {
      /* fire events that update state */
    });
    /* assert on the output */
    
    This ensures that you're testing the behavior the user would see in the browser. Learn more at https://react.dev/link/wrap-tests-with-act Root

      at console.apply (src/__tests__/sprintRetroShare.test.tsx:101:18)

  console.log
    SPY WARN: Clipboard has been extracted from react-native core and will be removed in a future release. It can now be installed and imported from '@react-native-clipboard/clipboard' instead of 'react-native'. See https://github.com/react-native-clipboard/clipboard

      at console.apply (src/__tests__/sprintRetroShare.test.tsx:104:18)

  console.log
    SPY ERROR: An update to %s inside a test was not wrapped in act(...).
    
    When testing, code that causes React state updates should be wrapped into act(...):
    
    act(() => {
      /* fire events that update state */
    });
    /* assert on the output */
    
    This ensures that you're testing the behavior the user would see in the browser. Learn more at https://react.dev/link/wrap-tests-with-act Root

      at console.apply (src/__tests__/sprintRetroShare.test.tsx:101:18)

  console.log
    SPY ERROR: An update to %s inside a test was not wrapped in act(...).
    
    When testing, code that causes React state updates should be wrapped into act(...):
    
    act(() => {
      /* fire events that update state */
    });
    /* assert on the output */
    
    This ensures that you're testing the behavior the user would see in the browser. Learn more at https://react.dev/link/wrap-tests-with-act Root

      at console.apply (src/__tests__/sprintRetroShare.test.tsx:101:18)

  console.log
    SPY ERROR: An update to %s inside a test was not wrapped in act(...).
    
    When testing, code that causes React state updates should be wrapped into act(...):
    
    act(() => {
      /* fire events that update state */
    });
    /* assert on the output */
    
    This ensures that you're testing the behavior the user would see in the browser. Learn more at https://react.dev/link/wrap-tests-with-act Root

      at console.apply (src/__tests__/sprintRetroShare.test.tsx:101:18)

FAIL src/__tests__/sprintRetroShare.test.tsx
  Sprint Retro Export & Share Cards Tests
    ✓ should not render anything when visible is false (16 ms)
    ✓ should not render anything when sprint is null (2 ms)
    ✕ should render the sprint details and ASCII progress bar correctly (2 ms)
    ✕ should handle clipboard copy actions and trigger haptics (6 ms)
    ✕ should handle standard team sharing correctly and trigger haptics (9 ms)
    ✕ should format output beautifully with default notes fallback when sprint retrospective notes are empty (1 ms)

  ● Sprint Retro Export & Share Cards Tests › should render the sprint details and ASCII progress bar correctly

    Can't access .root on unmounted test renderer

      154 |       throw e;
      155 |     }
    > 156 |     const root = component.root;
          |                            ^
      157 |
      158 |     // Verify Sprint Number
      159 |     const sprintTitle = root.findByProps({ className: 'text-on-surface font-black text-2xl tracking-tight' });

      at Object.get [as root] (node_modules/react-test-renderer/cjs/react-test-renderer.development.js:17446:19)
      at Object.root (src/__tests__/sprintRetroShare.test.tsx:156:28)

  ● Sprint Retro Export & Share Cards Tests › should handle clipboard copy actions and trigger haptics

    Can't access .root on unmounted test renderer

      195 |     
      196 |     // Find clipboard copy button
    > 197 |     const root = component.root;
          |                            ^
      198 |     const buttons = root.findAllByProps({ className: 'flex-1 flex-row items-center justify-center gap-2 bg-surface-container-high border border-outline-variant py-3.5 rounded-2xl active:opacity-70' });
      199 |     
      200 |     expect(buttons.length).toBe(1);

      at Object.get [as root] (node_modules/react-test-renderer/cjs/react-test-renderer.development.js:17446:19)
      at Object.root (src/__tests__/sprintRetroShare.test.tsx:197:28)

  ● Sprint Retro Export & Share Cards Tests › should handle standard team sharing correctly and trigger haptics

    Can't access .root on unmounted test renderer

      228 |     );
      229 |     
    > 230 |     const root = component.root;
          |                            ^
      231 |     // Share button has dynamic background matching theme primary
      232 |     const shareButton = root.findByProps({ style: { backgroundColor: '#ef4444' } });
      233 |

      at Object.get [as root] (node_modules/react-test-renderer/cjs/react-test-renderer.development.js:17446:19)
      at Object.root (src/__tests__/sprintRetroShare.test.tsx:230:28)
      at asyncGeneratorStep (node_modules/@babel/runtime/helpers/asyncToGenerator.js:3:17)
      at _next (node_modules/@babel/runtime/helpers/asyncToGenerator.js:17:9)
      at node_modules/@babel/runtime/helpers/asyncToGenerator.js:22:7
      at Object.<anonymous> (node_modules/@babel/runtime/helpers/asyncToGenerator.js:14:12)

  ● Sprint Retro Export & Share Cards Tests › should format output beautifully with default notes fallback when sprint retrospective notes are empty

    Can't access .root on unmounted test renderer

      256 |     );
      257 |     
    > 258 |     const root = component.root;
          |                            ^
      259 |     const copyButton = root.findAllByProps({ className: 'flex-1 flex-row items-center justify-center gap-2 bg-surface-container-high border border-outline-variant py-3.5 rounded-2xl active:opacity-70' })[0];
      260 |     
      261 |     act(() => {

      at Object.get [as root] (node_modules/react-test-renderer/cjs/react-test-renderer.development.js:17446:19)
      at Object.root (src/__tests__/sprintRetroShare.test.tsx:258:28)

Test Suites: 1 failed, 1 total
Tests:       4 failed, 2 passed, 6 total
Snapshots:   0 total
Time:        2.064 s
Ran all test suites matching /src\/__tests__\/sprintRetroShare.test.tsx/i.

ReferenceError: You are trying to `import` a file after the Jest environment has been torn down. From src/__tests__/sprintRetroShare.test.tsx.

       96 |
       97 |   const handleCopy = () => {
    >  98 |     if (hapticsEnabled) {
          |                          ^
       99 |       Haptics.notificationAsync(Haptics.NotificationFeedbackType.Success);
      100 |     }
      101 |     const text = getScorecardText();

      at Object.require [as Modal] (node_modules/react-native/index.js:67:12)
      at SprintScorecardModal (src/components/SprintScorecardModal.tsx:98:44)
      at Object.react_stack_bottom_frame (node_modules/react-test-renderer/cjs/react-test-renderer.development.js:15670:20)
      at renderWithHooks (node_modules/react-test-renderer/cjs/react-test-renderer.development.js:4863:22)
      at updateFunctionComponent (node_modules/react-test-renderer/cjs/react-test-renderer.development.js:7018:19)
      at beginWork (node_modules/react-test-renderer/cjs/react-test-renderer.development.js:8499:18)
      at runWithFiberInDEV (node_modules/react-test-renderer/cjs/react-test-renderer.development.js:2315:13)
      at performUnitOfWork (node_modules/react-test-renderer/cjs/react-test-renderer.development.js:13224:22)
      at workLoopSync (node_modules/react-test-renderer/cjs/react-test-renderer.development.js:13068:41)
      at renderRootSync (node_modules/react-test-renderer/cjs/react-test-renderer.development.js:13049:11)
      at performWorkOnRoot (node_modules/react-test-renderer/cjs/react-test-renderer.development.js:12181:11)
      at performWorkOnRootViaSchedulerTask (node_modules/react-test-renderer/cjs/react-test-renderer.development.js:2908:7)
      at Immediate.performWorkUntilDeadline [as _onImmediate] (node_modules/scheduler/cjs/scheduler.native.development.js:45:48)

ReferenceError: You are trying to `import` a file after the Jest environment has been torn down. From src/__tests__/sprintRetroShare.test.tsx.

      101 |     const text = getScorecardText();
      102 |     Clipboard.setString(text);
    > 103 |     setCopied(true);
          |                     ^
      104 |     setTimeout(() => setCopied(false), 2000);
      105 |   };
      106 |

      at Object.require [as View] (node_modules/react-native/index.js:146:12)
      at SprintScorecardModal (src/components/SprintScorecardModal.tsx:103:49)
      at Object.react_stack_bottom_frame (node_modules/react-test-renderer/cjs/react-test-renderer.development.js:15670:20)
      at renderWithHooks (node_modules/react-test-renderer/cjs/react-test-renderer.development.js:4863:22)
      at updateFunctionComponent (node_modules/react-test-renderer/cjs/react-test-renderer.development.js:7018:19)
      at beginWork (node_modules/react-test-renderer/cjs/react-test-renderer.development.js:8499:18)
      at runWithFiberInDEV (node_modules/react-test-renderer/cjs/react-test-renderer.development.js:2315:13)
      at performUnitOfWork (node_modules/react-test-renderer/cjs/react-test-renderer.development.js:13224:22)
      at workLoopSync (node_modules/react-test-renderer/cjs/react-test-renderer.development.js:13068:41)
      at renderRootSync (node_modules/react-test-renderer/cjs/react-test-renderer.development.js:13049:11)
      at performWorkOnRoot (node_modules/react-test-renderer/cjs/react-test-renderer.development.js:12181:11)
      at performWorkOnRootViaSchedulerTask (node_modules/react-test-renderer/cjs/react-test-renderer.development.js:2908:7)
      at Immediate.performWorkUntilDeadline [as _onImmediate] (node_modules/scheduler/cjs/scheduler.native.development.js:45:48)

ReferenceError: You are trying to `import` a file after the Jest environment has been torn down. From src/__tests__/sprintRetroShare.test.tsx.

      125 |               shadowColor: '#000000',
      126 |               shadowOffset: { width: 0, height: 12 },
    > 127 |               shadowOpacity: isDark ? 0.4 : 0.06,
          |                                              ^
      128 |               shadowRadius: 32,
      129 |               elevation: 8,
      130 |             }}

      at Object.require [as Platform] (node_modules/react-native/index.js:282:12)
      at maybeHijackSafeAreaProvider (node_modules/react-native-css-interop/src/runtime/third-party-libs/react-native-safe-area-context.native.tsx:31:22)
      at node_modules/react-native-css-interop/src/runtime/wrap-jsx.ts:25:31
      at SprintScorecardModal (src/components/SprintScorecardModal.tsx:127:46)
      at Object.react_stack_bottom_frame (node_modules/react-test-renderer/cjs/react-test-renderer.development.js:15670:20)
      at renderWithHooks (node_modules/react-test-renderer/cjs/react-test-renderer.development.js:4863:22)
      at updateFunctionComponent (node_modules/react-test-renderer/cjs/react-test-renderer.development.js:7018:19)
      at beginWork (node_modules/react-test-renderer/cjs/react-test-renderer.development.js:8499:18)
      at runWithFiberInDEV (node_modules/react-test-renderer/cjs/react-test-renderer.development.js:2315:13)
      at performUnitOfWork (node_modules/react-test-renderer/cjs/react-test-renderer.development.js:13224:22)
      at workLoopSync (node_modules/react-test-renderer/cjs/react-test-renderer.development.js:13068:41)
      at renderRootSync (node_modules/react-test-renderer/cjs/react-test-renderer.development.js:13049:11)
      at performWorkOnRoot (node_modules/react-test-renderer/cjs/react-test-renderer.development.js:12181:11)
      at performWorkOnRootViaSchedulerTask (node_modules/react-test-renderer/cjs/react-test-renderer.development.js:2908:7)
      at Immediate.performWorkUntilDeadline [as _onImmediate] (node_modules/scheduler/cjs/scheduler.native.development.js:45:48)
  console.warn
    An error occurred in the <SprintScorecardModal> component.
    
    Consider adding an error boundary to your tree to customize error handling behavior.
    Visit https://react.dev/link/error-boundaries to learn more about error boundaries.

      at defaultOnUncaughtError (node_modules/react-test-renderer/cjs/react-test-renderer.development.js:6400:15)
      at logUncaughtError (node_modules/react-test-renderer/cjs/react-test-renderer.development.js:6460:11)
      at runWithFiberInDEV (node_modules/react-test-renderer/cjs/react-test-renderer.development.js:2315:13)
      at lane.callback (node_modules/react-test-renderer/cjs/react-test-renderer.development.js:6490:9)
      at callCallback (node_modules/react-test-renderer/cjs/react-test-renderer.development.js:4625:16)
      at commitCallbacks (node_modules/react-test-renderer/cjs/react-test-renderer.development.js:4645:11)
      at runWithFiberInDEV (node_modules/react-test-renderer/cjs/react-test-renderer.development.js:2315:13)
      at commitLayoutEffectOnFiber (node_modules/react-test-renderer/cjs/react-test-renderer.development.js:10103:15)
      at flushLayoutEffects (node_modules/react-test-renderer/cjs/react-test-renderer.development.js:13774:15)
      at commitRoot (node_modules/react-test-renderer/cjs/react-test-renderer.development.js:13697:9)
      at commitRootWhenReady (node_modules/react-test-renderer/cjs/react-test-renderer.development.js:12444:7)
      at performWorkOnRoot (node_modules/react-test-renderer/cjs/react-test-renderer.development.js:12391:15)
      at performWorkOnRootViaSchedulerTask (node_modules/react-test-renderer/cjs/react-test-renderer.development.js:2908:7)
      at Immediate.performWorkUntilDeadline [as _onImmediate] (node_modules/scheduler/cjs/scheduler.native.development.js:45:48)

  console.warn
    An error occurred in the <SprintScorecardModal> component.
    
    Consider adding an error boundary to your tree to customize error handling behavior.
    Visit https://react.dev/link/error-boundaries to learn more about error boundaries.

      at defaultOnUncaughtError (node_modules/react-test-renderer/cjs/react-test-renderer.development.js:6400:15)
      at logUncaughtError (node_modules/react-test-renderer/cjs/react-test-renderer.development.js:6460:11)
      at runWithFiberInDEV (node_modules/react-test-renderer/cjs/react-test-renderer.development.js:2315:13)
      at lane.callback (node_modules/react-test-renderer/cjs/react-test-renderer.development.js:6490:9)
      at callCallback (node_modules/react-test-renderer/cjs/react-test-renderer.development.js:4625:16)
      at commitCallbacks (node_modules/react-test-renderer/cjs/react-test-renderer.development.js:4645:11)
      at runWithFiberInDEV (node_modules/react-test-renderer/cjs/react-test-renderer.development.js:2315:13)
      at commitLayoutEffectOnFiber (node_modules/react-test-renderer/cjs/react-test-renderer.development.js:10103:15)
      at flushLayoutEffects (node_modules/react-test-renderer/cjs/react-test-renderer.development.js:13774:15)
      at commitRoot (node_modules/react-test-renderer/cjs/react-test-renderer.development.js:13697:9)
      at commitRootWhenReady (node_modules/react-test-renderer/cjs/react-test-renderer.development.js:12444:7)
      at performWorkOnRoot (node_modules/react-test-renderer/cjs/react-test-renderer.development.js:12391:15)
      at performWorkOnRootViaSchedulerTask (node_modules/react-test-renderer/cjs/react-test-renderer.development.js:2908:7)
      at Immediate.performWorkUntilDeadline [as _onImmediate] (node_modules/scheduler/cjs/scheduler.native.development.js:45:48)

  console.warn
    An error occurred in the <SprintScorecardModal> component.
    
    Consider adding an error boundary to your tree to customize error handling behavior.
    Visit https://react.dev/link/error-boundaries to learn more about error boundaries.

      at defaultOnUncaughtError (node_modules/react-test-renderer/cjs/react-test-renderer.development.js:6400:15)
      at logUncaughtError (node_modules/react-test-renderer/cjs/react-test-renderer.development.js:6460:11)
      at runWithFiberInDEV (node_modules/react-test-renderer/cjs/react-test-renderer.development.js:2315:13)
      at lane.callback (node_modules/react-test-renderer/cjs/react-test-renderer.development.js:6490:9)
      at callCallback (node_modules/react-test-renderer/cjs/react-test-renderer.development.js:4625:16)
      at commitCallbacks (node_modules/react-test-renderer/cjs/react-test-renderer.development.js:4645:11)
      at runWithFiberInDEV (node_modules/react-test-renderer/cjs/react-test-renderer.development.js:2315:13)
      at commitLayoutEffectOnFiber (node_modules/react-test-renderer/cjs/react-test-renderer.development.js:10103:15)
      at flushLayoutEffects (node_modules/react-test-renderer/cjs/react-test-renderer.development.js:13774:15)
      at commitRoot (node_modules/react-test-renderer/cjs/react-test-renderer.development.js:13697:9)
      at commitRootWhenReady (node_modules/react-test-renderer/cjs/react-test-renderer.development.js:12444:7)
      at performWorkOnRoot (node_modules/react-test-renderer/cjs/react-test-renderer.development.js:12391:15)
      at performWorkOnRootViaSchedulerTask (node_modules/react-test-renderer/cjs/react-test-renderer.development.js:2908:7)
      at Immediate.performWorkUntilDeadline [as _onImmediate] (node_modules/scheduler/cjs/scheduler.native.development.js:45:48)

  console.warn
    An error occurred in the <SprintScorecardModal> component.
    
    Consider adding an error boundary to your tree to customize error handling behavior.
    Visit https://react.dev/link/error-boundaries to learn more about error boundaries.

      at defaultOnUncaughtError (node_modules/react-test-renderer/cjs/react-test-renderer.development.js:6400:15)
      at logUncaughtError (node_modules/react-test-renderer/cjs/react-test-renderer.development.js:6460:11)
      at runWithFiberInDEV (node_modules/react-test-renderer/cjs/react-test-renderer.development.js:2315:13)
      at lane.callback (node_modules/react-test-renderer/cjs/react-test-renderer.development.js:6490:9)
      at callCallback (node_modules/react-test-renderer/cjs/react-test-renderer.development.js:4625:16)
      at commitCallbacks (node_modules/react-test-renderer/cjs/react-test-renderer.development.js:4645:11)
      at runWithFiberInDEV (node_modules/react-test-renderer/cjs/react-test-renderer.development.js:2315:13)
      at commitLayoutEffectOnFiber (node_modules/react-test-renderer/cjs/react-test-renderer.development.js:10103:15)
      at flushLayoutEffects (node_modules/react-test-renderer/cjs/react-test-renderer.development.js:13774:15)
      at commitRoot (node_modules/react-test-renderer/cjs/react-test-renderer.development.js:13697:9)
      at commitRootWhenReady (node_modules/react-test-renderer/cjs/react-test-renderer.development.js:12444:7)
      at performWorkOnRoot (node_modules/react-test-renderer/cjs/react-test-renderer.development.js:12391:15)
      at performWorkOnRootViaSchedulerTask (node_modules/react-test-renderer/cjs/react-test-renderer.development.js:2908:7)
      at Immediate.performWorkUntilDeadline [as _onImmediate] (node_modules/scheduler/cjs/scheduler.native.development.js:45:48)

